<?xml version="1.0" encoding="UTF-8"?>
<testsuite xmlns:xsi="http://www.w3.org/2001/XMLSchema-instance" xsi:noNamespaceSchemaLocation="https://maven.apache.org/surefire/maven-surefire-plugin/xsd/surefire-test-report-3.0.xsd" version="3.0" name="com.mycompany.app.AppTest" time="0.002" tests="0" errors="0" skipped="0" failures="0">
  <properties>
    <property name="java.specification.version" value="23"/>
    <property name="sun.jnu.encoding" value="UTF-8"/>
    <property name="java.class.path" value="/Users/alejandro/Development/maven/scrubber/target/test-classes:/Users/alejandro/Development/maven/scrubber/target/classes:/Users/alejandro/.m2/repository/com/alterante/rtserver/rtserver/1.0.0/rtserver-1.0.0.jar:/Users/alejandro/.m2/repository/org/boris/win4j/win4j/0.4.5/win4j-0.4.5.jar:/Users/alejandro/.m2/repository/com/alterante/cass/cass-server/1.0.0/cass-server-1.0.0.jar:/Users/alejandro/.m2/repository/com/alterante/cass/netty/4.1.68/netty-4.1.68.jar:/Users/alejandro/.m2/repository/com/alterante/cass/thrift/1.2.0/thrift-1.2.0.jar:/Users/alejandro/.m2/repository/com/alterante/cass/libthrift/0.7.0/libthrift-0.7.0.jar:/Users/alejandro/.m2/repository/com/alterante/cass/mapdb/1.0.9/mapdb-1.0.9.jar:/Users/alejandro/.m2/repository/com/alterante/cass/mail/1.0.0/mail-1.0.0.jar:/Users/alejandro/.m2/repository/com/alterante/cass/httpclient/3.1/httpclient-3.1.jar:/Users/alejandro/.m2/repository/com/alterante/cass/commons-logging/1.1.3/commons-logging-1.1.3.jar:/Users/alejandro/.m2/repository/com/alterante/cass/commons-codec/1.8/commons-codec-1.8.jar:/Users/alejandro/.m2/repository/com/alterante/cass/sl4jlog/1.5.8/sl4jlog-1.5.8.jar:/Users/alejandro/.m2/repository/com/alterante/cass/dom4j/1.6.1/dom4j-1.6.1.jar:/Users/alejandro/.m2/repository/com/alterante/cass/httpcore/5.3.1/httpcore-5.3.1.jar:/Users/alejandro/.m2/repository/com/alterante/cass/jakarta/2.0.1/jakarta-2.0.1.jar:/Users/alejandro/.m2/repository/com/alterante/cass/jsonsmart/1.2/jsonsmart-1.2.jar:/Users/alejandro/.m2/repository/com/alterante/cass/mailer/1.0.0/mailer-1.0.0.jar:/Users/alejandro/.m2/repository/com/alterante/scrubber/scrubber/1.0.0/scrubber-1.0.0.jar:/Users/alejandro/.m2/repository/com/alterante/scrubber/cloudbackup/1.0.0/cloudbackup-1.0.0.jar:/Users/alejandro/.m2/repository/com/alterante/scrubber/httpclient/5.4.1/httpclient-5.4.1.jar:/Users/alejandro/.m2/repository/com/alterante/scrubber/httpcoreh2/5.3.1/httpcoreh2-5.3.1.jar:/Users/alejandro/.m2/repository/com/alterante/scrubber/jaudiotagger/2.2.0/jaudiotagger-2.2.0.jar:/Users/alejandro/.m2/repository/com/alterante/scrubber/pdfrenderer/0.9.1/pdfrenderer-0.9.1.jar:/Users/alejandro/.m2/repository/com/alterante/scrubber/thumbnailator/0.4.5/thumbnailator-0.4.5.jar:"/>
    <property name="java.vm.vendor" value="Homebrew"/>
    <property name="sun.arch.data.model" value="64"/>
    <property name="java.vendor.url" value="https://github.com/Homebrew/homebrew-core/issues"/>
    <property name="os.name" value="Mac OS X"/>
    <property name="java.vm.specification.version" value="23"/>
    <property name="sun.java.launcher" value="SUN_STANDARD"/>
    <property name="user.country" value="US"/>
    <property name="sun.boot.library.path" value="/opt/homebrew/Cellar/openjdk/23.0.2/libexec/openjdk.jdk/Contents/Home/lib"/>
    <property name="sun.java.command" value="/Users/alejandro/Development/maven/scrubber/target/surefire/surefirebooter-20250526194753103_3.jar /Users/alejandro/Development/maven/scrubber/target/surefire 2025-05-26T19-47-53_012-jvmRun1 surefire-20250526194753103_1tmp surefire_0-20250526194753103_2tmp"/>
    <property name="http.nonProxyHosts" value="local|*.local|169.254/16|*.169.254/16"/>
    <property name="jdk.debug" value="release"/>
    <property name="surefire.test.class.path" value="/Users/alejandro/Development/maven/scrubber/target/test-classes:/Users/alejandro/Development/maven/scrubber/target/classes:/Users/alejandro/.m2/repository/com/alterante/rtserver/rtserver/1.0.0/rtserver-1.0.0.jar:/Users/alejandro/.m2/repository/org/boris/win4j/win4j/0.4.5/win4j-0.4.5.jar:/Users/alejandro/.m2/repository/com/alterante/cass/cass-server/1.0.0/cass-server-1.0.0.jar:/Users/alejandro/.m2/repository/com/alterante/cass/netty/4.1.68/netty-4.1.68.jar:/Users/alejandro/.m2/repository/com/alterante/cass/thrift/1.2.0/thrift-1.2.0.jar:/Users/alejandro/.m2/repository/com/alterante/cass/libthrift/0.7.0/libthrift-0.7.0.jar:/Users/alejandro/.m2/repository/com/alterante/cass/mapdb/1.0.9/mapdb-1.0.9.jar:/Users/alejandro/.m2/repository/com/alterante/cass/mail/1.0.0/mail-1.0.0.jar:/Users/alejandro/.m2/repository/com/alterante/cass/httpclient/3.1/httpclient-3.1.jar:/Users/alejandro/.m2/repository/com/alterante/cass/commons-logging/1.1.3/commons-logging-1.1.3.jar:/Users/alejandro/.m2/repository/com/alterante/cass/commons-codec/1.8/commons-codec-1.8.jar:/Users/alejandro/.m2/repository/com/alterante/cass/sl4jlog/1.5.8/sl4jlog-1.5.8.jar:/Users/alejandro/.m2/repository/com/alterante/cass/dom4j/1.6.1/dom4j-1.6.1.jar:/Users/alejandro/.m2/repository/com/alterante/cass/httpcore/5.3.1/httpcore-5.3.1.jar:/Users/alejandro/.m2/repository/com/alterante/cass/jakarta/2.0.1/jakarta-2.0.1.jar:/Users/alejandro/.m2/repository/com/alterante/cass/jsonsmart/1.2/jsonsmart-1.2.jar:/Users/alejandro/.m2/repository/com/alterante/cass/mailer/1.0.0/mailer-1.0.0.jar:/Users/alejandro/.m2/repository/com/alterante/scrubber/scrubber/1.0.0/scrubber-1.0.0.jar:/Users/alejandro/.m2/repository/com/alterante/scrubber/cloudbackup/1.0.0/cloudbackup-1.0.0.jar:/Users/alejandro/.m2/repository/com/alterante/scrubber/httpclient/5.4.1/httpclient-5.4.1.jar:/Users/alejandro/.m2/repository/com/alterante/scrubber/httpcoreh2/5.3.1/httpcoreh2-5.3.1.jar:/Users/alejandro/.m2/repository/com/alterante/scrubber/jaudiotagger/2.2.0/jaudiotagger-2.2.0.jar:/Users/alejandro/.m2/repository/com/alterante/scrubber/pdfrenderer/0.9.1/pdfrenderer-0.9.1.jar:/Users/alejandro/.m2/repository/com/alterante/scrubber/thumbnailator/0.4.5/thumbnailator-0.4.5.jar:"/>
    <property name="sun.cpu.endian" value="little"/>
    <property name="user.home" value="/Users/alejandro"/>
    <property name="user.language" value="en"/>
    <property name="java.specification.vendor" value="Oracle Corporation"/>
    <property name="java.version.date" value="2025-01-21"/>
    <property name="java.home" value="/opt/homebrew/Cellar/openjdk/23.0.2/libexec/openjdk.jdk/Contents/Home"/>
    <property name="file.separator" value="/"/>
    <property name="basedir" value="/Users/alejandro/Development/maven/scrubber"/>
    <property name="java.vm.compressedOopsMode" value="Zero based"/>
    <property name="line.separator" value="&#10;"/>
    <property name="java.vm.specification.vendor" value="Oracle Corporation"/>
    <property name="java.specification.name" value="Java Platform API Specification"/>
    <property name="apple.awt.application.name" value="ForkedBooter"/>
    <property name="surefire.real.class.path" value="/Users/alejandro/Development/maven/scrubber/target/surefire/surefirebooter-20250526194753103_3.jar"/>
    <property name="sun.management.compiler" value="HotSpot 64-Bit Tiered Compilers"/>
    <property name="ftp.nonProxyHosts" value="local|*.local|169.254/16|*.169.254/16"/>
    <property name="java.runtime.version" value="23.0.2"/>
    <property name="user.name" value="alejandro"/>
    <property name="stdout.encoding" value="UTF-8"/>
    <property name="path.separator" value=":"/>
    <property name="os.version" value="15.5"/>
    <property name="java.runtime.name" value="OpenJDK Runtime Environment"/>
    <property name="file.encoding" value="UTF-8"/>
    <property name="java.vm.name" value="OpenJDK 64-Bit Server VM"/>
    <property name="java.vendor.version" value="Homebrew"/>
    <property name="localRepository" value="/Users/alejandro/.m2/repository"/>
    <property name="java.vendor.url.bug" value="https://github.com/Homebrew/homebrew-core/issues"/>
    <property name="java.io.tmpdir" value="/var/folders/_x/vr5fwqqd4rvct8fgfj4tvll40000gp/T/"/>
    <property name="java.version" value="23.0.2"/>
    <property name="user.dir" value="/Users/alejandro/Development/maven/scrubber"/>
    <property name="os.arch" value="aarch64"/>
    <property name="java.vm.specification.name" value="Java Virtual Machine Specification"/>
    <property name="native.encoding" value="UTF-8"/>
    <property name="java.library.path" value="/Users/alejandro/Library/Java/Extensions:/Library/Java/Extensions:/Network/Library/Java/Extensions:/System/Library/Java/Extensions:/usr/lib/java:."/>
    <property name="java.vm.info" value="mixed mode, sharing"/>
    <property name="stderr.encoding" value="UTF-8"/>
    <property name="java.vendor" value="Homebrew"/>
    <property name="java.vm.version" value="23.0.2"/>
    <property name="sun.io.unicode.encoding" value="UnicodeBig"/>
    <property name="socksNonProxyHosts" value="local|*.local|169.254/16|*.169.254/16"/>
    <property name="java.class.version" value="67.0"/>
  </properties>
</testsuite>